<?xml version="1.0" encoding="UTF-8"?>
<!-- Generated by org.testng.reporters.JUnitXMLReporter -->
<testsuite hostname="IZDT-211" ignored="2" name="Front end Pages" tests="9" failures="0" timestamp="31 Aug 2018 11:11:52 GMT" time="12.517" errors="0">
  <testcase name="testCPG_1" time="4.507" classname="com.r1v2.frontend.pagebuilder.module.CampaignPage"/>
  <testcase name="testSPG_1" time="5.424" classname="com.r1v2.frontend.pagebuilder.module.SpecialPage"/>
  <testcase name="testCOPG_1" time="5.65" classname="com.r1v2.frontend.pagebuilder.module.ContentPage"/>
  <testcase name="testCOPG_2" time="0.448" classname="com.r1v2.frontend.pagebuilder.module.ContentPage"/>
  <testcase name="testCPG_2" time="0.513" classname="com.r1v2.frontend.pagebuilder.module.CampaignPage"/>
  <testcase name="testSPG_2" time="0.529" classname="com.r1v2.frontend.pagebuilder.module.SpecialPage"/>
  <testcase name="testSPG_3" time="0.364" classname="com.r1v2.frontend.pagebuilder.module.SpecialPage"/>
  <testcase name="testCPG_3" time="0.395" classname="com.r1v2.frontend.pagebuilder.module.CampaignPage"/>
  <testcase name="testCOPG_3" time="2.367" classname="com.r1v2.frontend.pagebuilder.module.ContentPage"/>
  <testcase name="@BeforeSuite setUp" time="0.0" classname="com.core.reports.ExtentReport">
    <ignored/>
  </testcase> <!-- @BeforeSuite setUp -->
  <testcase name="@BeforeSuite setUp" time="0.0" classname="com.core.reports.ExtentReport">
    <ignored/>
  </testcase> <!-- @BeforeSuite setUp -->
</testsuite> <!-- Front end Pages -->
